<?xml version="1.0" encoding="UTF-8"?>
<testsuite name="PingPongTest" tests="1" skipped="0" failures="0" errors="0" timestamp="2016-04-18T18:32:40" hostname="epicodus-58.local" time="0.002">
  <properties/>
  <testcase name="PingPong_countUpToGivenNumber_Array" classname="PingPongTest" time="0.002"/>
  <system-out><![CDATA[[1]
]]></system-out>
  <system-err><![CDATA[]]></system-err>
</testsuite>
