<?xml version="1.0" encoding="UTF-8"?>
<testsuite name="PingPongTest" tests="2" skipped="0" failures="0" errors="0" timestamp="2016-04-18T20:57:07" hostname="epicodus-58.local" time="0.002">
  <properties/>
  <testcase name="PingPong_convertModThreeToPing_String" classname="PingPongTest" time="0.002"/>
  <testcase name="PingPong_countUpToGivenNumber_Array" classname="PingPongTest" time="0.0"/>
  <system-out><![CDATA[[1, 2, PING!]
[1, 2]
]]></system-out>
  <system-err><![CDATA[]]></system-err>
</testsuite>
