<?xml version="1.0" encoding="UTF-8"?>
<testsuite name="PingPongTest" tests="1" skipped="0" failures="0" errors="0" timestamp="2016-04-18T17:51:52" hostname="epicodus-58.local" time="0.001">
  <properties/>
  <testcase name="PingPong_returnGivenNumber_Integer" classname="PingPongTest" time="0.001"/>
  <system-out><![CDATA[]]></system-out>
  <system-err><![CDATA[]]></system-err>
</testsuite>
